{"logTime": "0222/161108", "correlationVector":"DslFFVhaMfcclsRIvtJAz0.0","action":"FeedSettingFetch_homeCloud", "result":"0", "context":{}}
{"logTime": "0222/161108", "correlationVector":"DslFFVhaMfcclsRIvtJAz0.0","action":"SyncServerConnectionManagerRequest", "result":"SYNC_SERVER_OK", "context":{"environment":"", "server":""}}
{"logTime": "0222/161109", "correlationVector":"6rjy0Y5o4BTku7jyVlQ+xV.1","action":"SyncServerConnectionManagerRequest", "result":"SYNC_SERVER_OK", "context":{"environment":"Prod_WestEurope_x00e", "server":"GENERAL0100002J"}}
{"logTime": "0222/161109", "correlationVector":"6rjy0Y5o4BTku7jyVlQ+xV","action":"Initial GetUpdates", "result":"", "context":Reason: NEW_CLIENT. cV=6rjy0Y5o4BTku7jyVlQ+xV}
{"logTime": "0222/161109", "correlationVector":"6rjy0Y5o4BTku7jyVlQ+xV.2","action":"GetUpdates Response", "result":"SYNCER_OK", "context":Received 1 update(s). cV=6rjy0Y5o4BTku7jyVlQ+xV.0;server=GENERAL0100002J;cloudType=Consumer;environment=Prod_WestEurope_x00e}
{"logTime": "0222/161110", "correlationVector":"lZXUf4UilXAYAZbhHAfmfJ","action":"Initial GetUpdates", "result":"", "context":Reason: NEW_CLIENT. cV=lZXUf4UilXAYAZbhHAfmfJ}
{"logTime": "0222/161110", "correlationVector":"lZXUf4UilXAYAZbhHAfmfJ.1","action":"SyncServerConnectionManagerRequest", "result":"SYNC_SERVER_OK", "context":{"environment":"Prod_WestEurope_x00e", "server":"GENERAL0100000A"}}
{"logTime": "0222/161110", "correlationVector":"lZXUf4UilXAYAZbhHAfmfJ.2","action":"GetUpdates Response", "result":"SYNCER_OK", "context":Received 17 update(s). cV=lZXUf4UilXAYAZbhHAfmfJ.0;server=GENERAL0100000A;cloudType=Consumer;environment=Prod_WestEurope_x00e}
{"logTime": "0222/161110", "correlationVector":"7fR+BiVyrxnDTNnMWNe3fE","action":"Normal GetUpdate request", "result":"", "context":cV=7fR+BiVyrxnDTNnMWNe3fE
Nudged types: Device Info, User Consents
Refresh requested types: Device Info, User Consents, Send Tab To Self, Encryption Keys}
{"logTime": "0222/161110", "correlationVector":"7fR+BiVyrxnDTNnMWNe3fE.1","action":"SyncServerConnectionManagerRequest", "result":"SYNC_SERVER_OK", "context":{"environment":"Prod_WestEurope_x00e", "server":"GENERAL0100002D"}}
{"logTime": "0222/161110", "correlationVector":"7fR+BiVyrxnDTNnMWNe3fE.2","action":"GetUpdates Response", "result":"SYNCER_OK", "context":Received 0 update(s). cV=7fR+BiVyrxnDTNnMWNe3fE.0;server=GENERAL0100002D;cloudType=Consumer;environment=Prod_WestEurope_x00e}
{"logTime": "0222/161110", "correlationVector":"d+0AcCKO9o5Y5xJgIJYVuf","action":"Commit Request", "result":"", "context":Item count: 1
Contributing types: Device Info}
{"logTime": "0222/161111", "correlationVector":"d+0AcCKO9o5Y5xJgIJYVuf.1","action":"SyncServerConnectionManagerRequest", "result":"SYNC_SERVER_OK", "context":{"environment":"Prod_WestEurope_x00e", "server":"GENERAL0100001B"}}
{"logTime": "0222/161111", "correlationVector":"d+0AcCKO9o5Y5xJgIJYVuf.2","action":"Commit Response", "result":"SYNCER_OK", "context":Result: SYNCER_OK. cV=d+0AcCKO9o5Y5xJgIJYVuf.0;server=GENERAL0100001B;cloudType=Consumer;environment=Prod_WestEurope_x00e}
{"logTime": "0222/161111", "correlationVector":"Kd43OJJNr10Y5e+nrDL3PA","action":"Commit Request", "result":"", "context":Item count: 2
Contributing types: User Consents}
{"logTime": "0222/161111", "correlationVector":"Kd43OJJNr10Y5e+nrDL3PA.1","action":"SyncServerConnectionManagerRequest", "result":"SYNC_SERVER_OK", "context":{"environment":"Prod_WestEurope_x00e", "server":"GENERAL0100002F"}}
{"logTime": "0222/161111", "correlationVector":"Kd43OJJNr10Y5e+nrDL3PA.2","action":"Commit Response", "result":"SYNCER_OK", "context":Result: SYNCER_OK. cV=Kd43OJJNr10Y5e+nrDL3PA.0;server=GENERAL0100002F;cloudType=Consumer;environment=Prod_WestEurope_x00e}
